2025-07-25T10:28:36.409-03:00  INFO 7662 --- [ms-cards] [restartedMain] br.com.ivogoncalves.ms_cards.Startup     : Starting Startup using Java 17.0.10 with PID 7662 (/home/ivogoncalves/Documents/dev/Cursos/conteudo_microservices_servicosDeMensageria_rabbitMq_keyclock/microservices/ms-cards/target/classes started by ivogoncalves in /home/ivogoncalves/Documents/dev/Cursos/conteudo_microservices_servicosDeMensageria_rabbitMq_keyclock/microservices/ms-cards)
2025-07-25T10:28:36.410-03:00  INFO 7662 --- [ms-cards] [restartedMain] br.com.ivogoncalves.ms_cards.Startup     : No active profile set, falling back to 1 default profile: "default"
2025-07-25T10:28:36.779-03:00  INFO 7662 --- [ms-cards] [restartedMain] .s.d.r.c.RepositoryConfigurationDelegate : Bootstrapping Spring Data JPA repositories in DEFAULT mode.
2025-07-25T10:28:36.790-03:00  INFO 7662 --- [ms-cards] [restartedMain] .s.d.r.c.RepositoryConfigurationDelegate : Finished Spring Data repository scanning in 8 ms. Found 2 JPA repository interfaces.
2025-07-25T10:28:36.873-03:00  INFO 7662 --- [ms-cards] [restartedMain] o.s.cloud.context.scope.GenericScope     : BeanFactory id=ca706fe3-23eb-3b45-a796-9ddb7c9d4e38
2025-07-25T10:28:37.058-03:00  INFO 7662 --- [ms-cards] [restartedMain] o.s.b.w.embedded.tomcat.TomcatWebServer  : Tomcat initialized with port 0 (http)
2025-07-25T10:28:37.059-03:00  INFO 7662 --- [ms-cards] [restartedMain] o.apache.catalina.core.StandardService   : Starting service [Tomcat]
2025-07-25T10:28:37.060-03:00  INFO 7662 --- [ms-cards] [restartedMain] o.apache.catalina.core.StandardEngine    : Starting Servlet engine: [Apache Tomcat/10.1.39]
2025-07-25T10:28:37.073-03:00  INFO 7662 --- [ms-cards] [restartedMain] o.a.c.c.C.[Tomcat].[localhost].[/]       : Initializing Spring embedded WebApplicationContext
2025-07-25T10:28:37.073-03:00  INFO 7662 --- [ms-cards] [restartedMain] w.s.c.ServletWebServerApplicationContext : Root WebApplicationContext: initialization completed in 659 ms
2025-07-25T10:28:37.241-03:00  INFO 7662 --- [ms-cards] [restartedMain] com.zaxxer.hikari.HikariDataSource       : HikariPool-4 - Starting...
2025-07-25T10:28:37.244-03:00  INFO 7662 --- [ms-cards] [restartedMain] com.zaxxer.hikari.pool.HikariPool        : HikariPool-4 - Added connection conn40: url=jdbc:h2:mem:cardDB user=SA
2025-07-25T10:28:37.245-03:00  INFO 7662 --- [ms-cards] [restartedMain] com.zaxxer.hikari.HikariDataSource       : HikariPool-4 - Start completed.
2025-07-25T10:28:37.246-03:00  INFO 7662 --- [ms-cards] [restartedMain] o.hibernate.jpa.internal.util.LogHelper  : HHH000204: Processing PersistenceUnitInfo [name: default]
2025-07-25T10:28:37.249-03:00  INFO 7662 --- [ms-cards] [restartedMain] o.h.c.internal.RegionFactoryInitiator    : HHH000026: Second-level cache disabled
2025-07-25T10:28:37.256-03:00  INFO 7662 --- [ms-cards] [restartedMain] o.s.o.j.p.SpringPersistenceUnitInfo      : No LoadTimeWeaver setup: ignoring JPA class transformer
2025-07-25T10:28:37.258-03:00  INFO 7662 --- [ms-cards] [restartedMain] org.hibernate.orm.connections.pooling    : HHH10001005: Database info:
	Database JDBC URL [Connecting through datasource 'HikariDataSource (HikariPool-4)']
	Database driver: undefined/unknown
	Database version: 2.3.232
	Autocommit mode: undefined/unknown
	Isolation level: undefined/unknown
	Minimum pool size: undefined/unknown
	Maximum pool size: undefined/unknown
2025-07-25T10:28:37.325-03:00  INFO 7662 --- [ms-cards] [restartedMain] o.h.e.t.j.p.i.JtaPlatformInitiator       : HHH000489: No JTA platform available (set 'hibernate.transaction.jta.platform' to enable JTA platform integration)
2025-07-25T10:28:37.333-03:00  INFO 7662 --- [ms-cards] [restartedMain] j.LocalContainerEntityManagerFactoryBean : Initialized JPA EntityManagerFactory for persistence unit 'default'
2025-07-25T10:28:38.271-03:00  INFO 7662 --- [ms-cards] [restartedMain] o.s.b.a.h2.H2ConsoleAutoConfiguration    : H2 console available at '/h2-console'. Database available at 'jdbc:h2:mem:cardDB'
2025-07-25T10:28:38.307-03:00  WARN 7662 --- [ms-cards] [restartedMain] o.s.b.d.a.OptionalLiveReloadServer       : Unable to start LiveReload server
2025-07-25T10:28:38.515-03:00  INFO 7662 --- [ms-cards] [restartedMain] DiscoveryClientOptionalArgsConfiguration : Eureka HTTP Client uses RestTemplate.
2025-07-25T10:28:38.561-03:00  WARN 7662 --- [ms-cards] [restartedMain] iguration$LoadBalancerCaffeineWarnLogger : Spring Cloud LoadBalancer is currently working with the default cache. While this cache implementation is useful for development and tests, it's recommended to use Caffeine cache in production.You can switch to using Caffeine cache, by adding it and org.springframework.cache.caffeine.CaffeineCacheManager to the classpath.
2025-07-25T10:28:38.570-03:00  INFO 7662 --- [ms-cards] [restartedMain] o.s.b.a.e.web.EndpointLinksResolver      : Exposing 4 endpoints beneath base path '/actuator'
2025-07-25T10:28:38.628-03:00  INFO 7662 --- [ms-cards] [restartedMain] o.s.b.w.embedded.tomcat.TomcatWebServer  : Tomcat started on port 34871 (http) with context path '/'
2025-07-25T10:28:38.629-03:00  INFO 7662 --- [ms-cards] [restartedMain] .s.c.n.e.s.EurekaAutoServiceRegistration : Updating port to 34871
2025-07-25T10:28:38.630-03:00  INFO 7662 --- [ms-cards] [restartedMain] o.s.c.n.eureka.InstanceInfoFactory       : Setting initial instance status as: STARTING
2025-07-25T10:28:38.638-03:00  INFO 7662 --- [ms-cards] [restartedMain] com.netflix.discovery.DiscoveryClient    : Initializing Eureka in region us-east-1
2025-07-25T10:28:38.638-03:00  INFO 7662 --- [ms-cards] [restartedMain] c.n.d.s.r.aws.ConfigClusterResolver      : Resolving eureka endpoints via configuration
2025-07-25T10:28:38.639-03:00  INFO 7662 --- [ms-cards] [restartedMain] com.netflix.discovery.DiscoveryClient    : Disable delta property : false
2025-07-25T10:28:38.639-03:00  INFO 7662 --- [ms-cards] [restartedMain] com.netflix.discovery.DiscoveryClient    : Single vip registry refresh property : null
2025-07-25T10:28:38.639-03:00  INFO 7662 --- [ms-cards] [restartedMain] com.netflix.discovery.DiscoveryClient    : Force full registry fetch : false
2025-07-25T10:28:38.639-03:00  INFO 7662 --- [ms-cards] [restartedMain] com.netflix.discovery.DiscoveryClient    : Application is null : false
2025-07-25T10:28:38.639-03:00  INFO 7662 --- [ms-cards] [restartedMain] com.netflix.discovery.DiscoveryClient    : Registered Applications size is zero : true
2025-07-25T10:28:38.639-03:00  INFO 7662 --- [ms-cards] [restartedMain] com.netflix.discovery.DiscoveryClient    : Application version is -1: true
2025-07-25T10:28:38.639-03:00  INFO 7662 --- [ms-cards] [restartedMain] com.netflix.discovery.DiscoveryClient    : Getting all instance registry info from the eureka server
2025-07-25T10:28:38.783-03:00  INFO 7662 --- [ms-cards] [restartedMain] com.netflix.discovery.DiscoveryClient    : The response status is 200
2025-07-25T10:28:38.783-03:00  INFO 7662 --- [ms-cards] [restartedMain] com.netflix.discovery.DiscoveryClient    : Starting heartbeat executor: renew interval is: 30
2025-07-25T10:28:38.783-03:00  INFO 7662 --- [ms-cards] [restartedMain] c.n.discovery.InstanceInfoReplicator     : InstanceInfoReplicator onDemand update allowed rate per min is 4
2025-07-25T10:28:38.784-03:00  INFO 7662 --- [ms-cards] [restartedMain] com.netflix.discovery.DiscoveryClient    : Discovery Client initialized at timestamp 1753450118784 with initial instances count: 4
2025-07-25T10:28:38.791-03:00  INFO 7662 --- [ms-cards] [restartedMain] o.s.c.n.e.s.EurekaServiceRegistry        : Registering application MS-CARDS with eureka with status UP
2025-07-25T10:28:38.791-03:00  INFO 7662 --- [ms-cards] [restartedMain] com.netflix.discovery.DiscoveryClient    : Saw local status change event StatusChangeEvent [timestamp=1753450118791, current=UP, previous=STARTING]
2025-07-25T10:28:38.791-03:00  INFO 7662 --- [ms-cards] [DiscoveryClient-InstanceInfoReplicator-%d] com.netflix.discovery.DiscoveryClient    : DiscoveryClient_MS-CARDS/ms-cards:0ffc9ff834a12a5f5129e68df54417e2: registering service...
2025-07-25T10:28:38.916-03:00  INFO 7662 --- [ms-cards] [DiscoveryClient-InstanceInfoReplicator-%d] com.netflix.discovery.DiscoveryClient    : DiscoveryClient_MS-CARDS/ms-cards:0ffc9ff834a12a5f5129e68df54417e2 - registration status: 204
2025-07-25T10:28:38.982-03:00  INFO 7662 --- [ms-cards] [restartedMain] o.s.a.r.c.CachingConnectionFactory       : Attempting to connect to: [192.168.0.26:5672]
2025-07-25T10:28:38.987-03:00  INFO 7662 --- [ms-cards] [restartedMain] o.s.a.r.c.CachingConnectionFactory       : Created new connection: rabbitConnectionFactory#31f58c33:0/SimpleConnection@3c917a93 [delegate=amqp://root@192.168.0.26:5672/, localPort=45610]
2025-07-25T10:28:39.014-03:00  INFO 7662 --- [ms-cards] [restartedMain] br.com.ivogoncalves.ms_cards.Startup     : Started Startup in 2.871 seconds (process running for 3379.375)
2025-07-25T10:28:39.020-03:00  INFO 7662 --- [ms-cards] [restartedMain] .ConditionEvaluationDeltaLoggingListener : Condition evaluation delta:


==========================
CONDITION EVALUATION DELTA
==========================


Positive matches:
-----------------

   LogFileWebEndpointAutoConfiguration#logFileWebEndpoint matched:
      - Log File found logging.file.name ./logs/ms-credit-appraiser.log (LogFileWebEndpointAutoConfiguration.LogFileCondition)
      - @ConditionalOnMissingBean (types: org.springframework.boot.actuate.logging.LogFileWebEndpoint; SearchStrategy: all) did not find any beans (OnBeanCondition)


Negative matches:
-----------------

    None


Exclusions:
-----------

    None


Unconditional classes:
----------------------

    None



2025-07-25T10:32:40.446-03:00  INFO 7662 --- [ms-cards] [http-nio-auto-4-exec-1] o.a.c.c.C.[Tomcat].[localhost].[/]       : Initializing Spring DispatcherServlet 'dispatcherServlet'
2025-07-25T10:32:40.446-03:00  INFO 7662 --- [ms-cards] [http-nio-auto-4-exec-1] o.s.web.servlet.DispatcherServlet        : Initializing Servlet 'dispatcherServlet'
2025-07-25T10:32:40.448-03:00  INFO 7662 --- [ms-cards] [http-nio-auto-4-exec-1] o.s.web.servlet.DispatcherServlet        : Completed initialization in 2 ms
2025-07-25T10:32:42.578-03:00  WARN 7662 --- [ms-cards] [http-nio-auto-4-exec-2] .m.m.a.ExceptionHandlerExceptionResolver : Resolved [org.springframework.web.servlet.resource.NoResourceFoundException: No static resource favicon.ico.]
2025-07-25T10:33:38.640-03:00  INFO 7662 --- [ms-cards] [AsyncResolver-bootstrap-executor-%d] c.n.d.s.r.aws.ConfigClusterResolver      : Resolving eureka endpoints via configuration
2025-07-25T10:38:38.640-03:00  INFO 7662 --- [ms-cards] [AsyncResolver-bootstrap-executor-%d] c.n.d.s.r.aws.ConfigClusterResolver      : Resolving eureka endpoints via configuration
2025-07-25T10:43:38.641-03:00  INFO 7662 --- [ms-cards] [AsyncResolver-bootstrap-executor-%d] c.n.d.s.r.aws.ConfigClusterResolver      : Resolving eureka endpoints via configuration
2025-07-25T10:48:38.642-03:00  INFO 7662 --- [ms-cards] [AsyncResolver-bootstrap-executor-%d] c.n.d.s.r.aws.ConfigClusterResolver      : Resolving eureka endpoints via configuration
2025-07-25T10:53:38.643-03:00  INFO 7662 --- [ms-cards] [AsyncResolver-bootstrap-executor-%d] c.n.d.s.r.aws.ConfigClusterResolver      : Resolving eureka endpoints via configuration
2025-07-25T10:58:38.643-03:00  INFO 7662 --- [ms-cards] [AsyncResolver-bootstrap-executor-%d] c.n.d.s.r.aws.ConfigClusterResolver      : Resolving eureka endpoints via configuration
2025-07-25T11:03:38.644-03:00  INFO 7662 --- [ms-cards] [AsyncResolver-bootstrap-executor-%d] c.n.d.s.r.aws.ConfigClusterResolver      : Resolving eureka endpoints via configuration
2025-07-25T11:08:38.645-03:00  INFO 7662 --- [ms-cards] [AsyncResolver-bootstrap-executor-%d] c.n.d.s.r.aws.ConfigClusterResolver      : Resolving eureka endpoints via configuration
2025-07-25T11:13:38.645-03:00  INFO 7662 --- [ms-cards] [AsyncResolver-bootstrap-executor-%d] c.n.d.s.r.aws.ConfigClusterResolver      : Resolving eureka endpoints via configuration
2025-07-25T11:18:38.646-03:00  INFO 7662 --- [ms-cards] [AsyncResolver-bootstrap-executor-%d] c.n.d.s.r.aws.ConfigClusterResolver      : Resolving eureka endpoints via configuration
2025-07-25T11:23:38.647-03:00  INFO 7662 --- [ms-cards] [AsyncResolver-bootstrap-executor-%d] c.n.d.s.r.aws.ConfigClusterResolver      : Resolving eureka endpoints via configuration
2025-07-25T11:28:38.648-03:00  INFO 7662 --- [ms-cards] [AsyncResolver-bootstrap-executor-%d] c.n.d.s.r.aws.ConfigClusterResolver      : Resolving eureka endpoints via configuration
2025-07-25T11:33:38.649-03:00  INFO 7662 --- [ms-cards] [AsyncResolver-bootstrap-executor-%d] c.n.d.s.r.aws.ConfigClusterResolver      : Resolving eureka endpoints via configuration
2025-07-25T11:38:38.650-03:00  INFO 7662 --- [ms-cards] [AsyncResolver-bootstrap-executor-%d] c.n.d.s.r.aws.ConfigClusterResolver      : Resolving eureka endpoints via configuration
2025-07-25T11:43:38.651-03:00  INFO 7662 --- [ms-cards] [AsyncResolver-bootstrap-executor-%d] c.n.d.s.r.aws.ConfigClusterResolver      : Resolving eureka endpoints via configuration
2025-07-25T11:48:38.652-03:00  INFO 7662 --- [ms-cards] [AsyncResolver-bootstrap-executor-%d] c.n.d.s.r.aws.ConfigClusterResolver      : Resolving eureka endpoints via configuration
2025-07-25T11:53:38.653-03:00  INFO 7662 --- [ms-cards] [AsyncResolver-bootstrap-executor-%d] c.n.d.s.r.aws.ConfigClusterResolver      : Resolving eureka endpoints via configuration
2025-07-25T11:58:38.654-03:00  INFO 7662 --- [ms-cards] [AsyncResolver-bootstrap-executor-%d] c.n.d.s.r.aws.ConfigClusterResolver      : Resolving eureka endpoints via configuration
2025-07-25T12:03:38.655-03:00  INFO 7662 --- [ms-cards] [AsyncResolver-bootstrap-executor-%d] c.n.d.s.r.aws.ConfigClusterResolver      : Resolving eureka endpoints via configuration
2025-07-25T12:08:38.656-03:00  INFO 7662 --- [ms-cards] [AsyncResolver-bootstrap-executor-%d] c.n.d.s.r.aws.ConfigClusterResolver      : Resolving eureka endpoints via configuration
2025-07-25T12:13:38.656-03:00  INFO 7662 --- [ms-cards] [AsyncResolver-bootstrap-executor-%d] c.n.d.s.r.aws.ConfigClusterResolver      : Resolving eureka endpoints via configuration
2025-07-25T12:18:38.658-03:00  INFO 7662 --- [ms-cards] [AsyncResolver-bootstrap-executor-%d] c.n.d.s.r.aws.ConfigClusterResolver      : Resolving eureka endpoints via configuration
2025-07-25T12:23:38.659-03:00  INFO 7662 --- [ms-cards] [AsyncResolver-bootstrap-executor-%d] c.n.d.s.r.aws.ConfigClusterResolver      : Resolving eureka endpoints via configuration
2025-07-25T12:28:38.659-03:00  INFO 7662 --- [ms-cards] [AsyncResolver-bootstrap-executor-%d] c.n.d.s.r.aws.ConfigClusterResolver      : Resolving eureka endpoints via configuration
2025-07-25T12:33:38.660-03:00  INFO 7662 --- [ms-cards] [AsyncResolver-bootstrap-executor-%d] c.n.d.s.r.aws.ConfigClusterResolver      : Resolving eureka endpoints via configuration
2025-07-25T12:38:38.661-03:00  INFO 7662 --- [ms-cards] [AsyncResolver-bootstrap-executor-%d] c.n.d.s.r.aws.ConfigClusterResolver      : Resolving eureka endpoints via configuration
2025-07-25T12:43:38.662-03:00  INFO 7662 --- [ms-cards] [AsyncResolver-bootstrap-executor-%d] c.n.d.s.r.aws.ConfigClusterResolver      : Resolving eureka endpoints via configuration
2025-07-25T12:46:35.660-03:00  INFO 7662 --- [ms-cards] [File Watcher] rtingClassPathChangeChangedEventListener : Restarting due to 1 class path change (1 addition, 0 deletions, 0 modifications)
2025-07-25T12:46:35.661-03:00  INFO 7662 --- [ms-cards] [Thread-20] o.s.c.n.e.s.EurekaServiceRegistry        : Unregistering application MS-CARDS with eureka with status DOWN
2025-07-25T12:46:35.662-03:00  INFO 7662 --- [ms-cards] [Thread-20] com.netflix.discovery.DiscoveryClient    : Saw local status change event StatusChangeEvent [timestamp=1753458395662, current=DOWN, previous=UP]
2025-07-25T12:46:35.662-03:00  INFO 7662 --- [ms-cards] [DiscoveryClient-InstanceInfoReplicator-%d] com.netflix.discovery.DiscoveryClient    : DiscoveryClient_MS-CARDS/ms-cards:0ffc9ff834a12a5f5129e68df54417e2: registering service...
2025-07-25T12:46:35.664-03:00  INFO 7662 --- [ms-cards] [org.springframework.amqp.rabbit.RabbitListenerEndpointContainer#0-2] o.s.a.r.l.SimpleMessageListenerContainer : Waiting for workers to finish.
2025-07-25T12:46:35.787-03:00  INFO 7662 --- [ms-cards] [DiscoveryClient-InstanceInfoReplicator-%d] com.netflix.discovery.DiscoveryClient    : DiscoveryClient_MS-CARDS/ms-cards:0ffc9ff834a12a5f5129e68df54417e2 - registration status: 204
2025-07-25T12:46:36.560-03:00  INFO 7662 --- [ms-cards] [org.springframework.amqp.rabbit.RabbitListenerEndpointContainer#0-2] o.s.a.r.l.SimpleMessageListenerContainer : Successfully waited for workers to finish.
2025-07-25T12:46:36.560-03:00  INFO 7662 --- [ms-cards] [Thread-20] o.s.b.w.e.tomcat.GracefulShutdown        : Commencing graceful shutdown. Waiting for active requests to complete
2025-07-25T12:46:36.562-03:00  INFO 7662 --- [ms-cards] [tomcat-shutdown] o.s.b.w.e.tomcat.GracefulShutdown        : Graceful shutdown complete
2025-07-25T12:46:36.569-03:00  INFO 7662 --- [ms-cards] [Thread-20] j.LocalContainerEntityManagerFactoryBean : Closing JPA EntityManagerFactory for persistence unit 'default'
2025-07-25T12:46:36.571-03:00  WARN 7662 --- [ms-cards] [Thread-20] o.s.b.f.support.DisposableBeanAdapter    : Invocation of destroy method failed on bean with name 'inMemoryDatabaseShutdownExecutor': org.h2.jdbc.JdbcSQLNonTransientConnectionException: Database is already closed (to disable automatic closing at VM shutdown, add ";DB_CLOSE_ON_EXIT=FALSE" to the db URL) [90121-232]
2025-07-25T12:46:36.573-03:00  INFO 7662 --- [ms-cards] [Thread-20] com.zaxxer.hikari.HikariDataSource       : HikariPool-4 - Shutdown initiated...
2025-07-25T12:46:36.573-03:00  INFO 7662 --- [ms-cards] [Thread-20] com.zaxxer.hikari.HikariDataSource       : HikariPool-4 - Shutdown completed.
2025-07-25T12:46:36.574-03:00  INFO 7662 --- [ms-cards] [Thread-20] com.netflix.discovery.DiscoveryClient    : Shutting down DiscoveryClient ...
2025-07-25T12:46:39.575-03:00  INFO 7662 --- [ms-cards] [Thread-20] com.netflix.discovery.DiscoveryClient    : Unregistering ...
2025-07-25T12:46:39.694-03:00  INFO 7662 --- [ms-cards] [Thread-20] com.netflix.discovery.DiscoveryClient    : DiscoveryClient_MS-CARDS/ms-cards:0ffc9ff834a12a5f5129e68df54417e2 - deregister  status: 200
2025-07-25T12:46:39.694-03:00  INFO 7662 --- [ms-cards] [Thread-20] com.netflix.discovery.DiscoveryClient    : Completed shut down of DiscoveryClient
2025-07-25T12:46:40.018-03:00  INFO 7662 --- [ms-cards] [restartedMain] br.com.ivogoncalves.ms_cards.Startup     : Starting Startup using Java 17.0.10 with PID 7662 (/home/ivogoncalves/Documents/dev/Cursos/conteudo_microservices_servicosDeMensageria_rabbitMq_keyclock/microservices/ms-cards/target/classes started by ivogoncalves in /home/ivogoncalves/Documents/dev/Cursos/conteudo_microservices_servicosDeMensageria_rabbitMq_keyclock/microservices/ms-cards)
2025-07-25T12:46:40.019-03:00  INFO 7662 --- [ms-cards] [restartedMain] br.com.ivogoncalves.ms_cards.Startup     : No active profile set, falling back to 1 default profile: "default"
2025-07-25T12:46:40.421-03:00  INFO 7662 --- [ms-cards] [restartedMain] .s.d.r.c.RepositoryConfigurationDelegate : Bootstrapping Spring Data JPA repositories in DEFAULT mode.
2025-07-25T12:46:40.432-03:00  INFO 7662 --- [ms-cards] [restartedMain] .s.d.r.c.RepositoryConfigurationDelegate : Finished Spring Data repository scanning in 9 ms. Found 2 JPA repository interfaces.
2025-07-25T12:46:40.547-03:00  INFO 7662 --- [ms-cards] [restartedMain] o.s.cloud.context.scope.GenericScope     : BeanFactory id=ca706fe3-23eb-3b45-a796-9ddb7c9d4e38
2025-07-25T12:46:40.730-03:00  INFO 7662 --- [ms-cards] [restartedMain] o.s.b.w.embedded.tomcat.TomcatWebServer  : Tomcat initialized with port 0 (http)
2025-07-25T12:46:40.731-03:00  INFO 7662 --- [ms-cards] [restartedMain] o.apache.catalina.core.StandardService   : Starting service [Tomcat]
2025-07-25T12:46:40.731-03:00  INFO 7662 --- [ms-cards] [restartedMain] o.apache.catalina.core.StandardEngine    : Starting Servlet engine: [Apache Tomcat/10.1.39]
2025-07-25T12:46:40.744-03:00  INFO 7662 --- [ms-cards] [restartedMain] o.a.c.c.C.[Tomcat].[localhost].[/]       : Initializing Spring embedded WebApplicationContext
2025-07-25T12:46:40.745-03:00  INFO 7662 --- [ms-cards] [restartedMain] w.s.c.ServletWebServerApplicationContext : Root WebApplicationContext: initialization completed in 723 ms
2025-07-25T12:46:40.922-03:00  INFO 7662 --- [ms-cards] [restartedMain] com.zaxxer.hikari.HikariDataSource       : HikariPool-5 - Starting...
2025-07-25T12:46:40.925-03:00  INFO 7662 --- [ms-cards] [restartedMain] com.zaxxer.hikari.pool.HikariPool        : HikariPool-5 - Added connection conn90: url=jdbc:h2:mem:cardDB user=SA
2025-07-25T12:46:40.926-03:00  INFO 7662 --- [ms-cards] [restartedMain] com.zaxxer.hikari.HikariDataSource       : HikariPool-5 - Start completed.
2025-07-25T12:46:40.928-03:00  INFO 7662 --- [ms-cards] [restartedMain] o.hibernate.jpa.internal.util.LogHelper  : HHH000204: Processing PersistenceUnitInfo [name: default]
2025-07-25T12:46:40.930-03:00  INFO 7662 --- [ms-cards] [restartedMain] o.h.c.internal.RegionFactoryInitiator    : HHH000026: Second-level cache disabled
2025-07-25T12:46:40.940-03:00  INFO 7662 --- [ms-cards] [restartedMain] o.s.o.j.p.SpringPersistenceUnitInfo      : No LoadTimeWeaver setup: ignoring JPA class transformer
2025-07-25T12:46:40.942-03:00  INFO 7662 --- [ms-cards] [restartedMain] org.hibernate.orm.connections.pooling    : HHH10001005: Database info:
	Database JDBC URL [Connecting through datasource 'HikariDataSource (HikariPool-5)']
	Database driver: undefined/unknown
	Database version: 2.3.232
	Autocommit mode: undefined/unknown
	Isolation level: undefined/unknown
	Minimum pool size: undefined/unknown
	Maximum pool size: undefined/unknown
2025-07-25T12:46:41.008-03:00  INFO 7662 --- [ms-cards] [restartedMain] o.h.e.t.j.p.i.JtaPlatformInitiator       : HHH000489: No JTA platform available (set 'hibernate.transaction.jta.platform' to enable JTA platform integration)
2025-07-25T12:46:41.014-03:00  INFO 7662 --- [ms-cards] [restartedMain] j.LocalContainerEntityManagerFactoryBean : Initialized JPA EntityManagerFactory for persistence unit 'default'
2025-07-25T12:46:42.154-03:00  INFO 7662 --- [ms-cards] [restartedMain] o.s.b.a.h2.H2ConsoleAutoConfiguration    : H2 console available at '/h2-console'. Database available at 'jdbc:h2:mem:cardDB'
2025-07-25T12:46:42.194-03:00  WARN 7662 --- [ms-cards] [restartedMain] o.s.b.d.a.OptionalLiveReloadServer       : Unable to start LiveReload server
2025-07-25T12:46:42.624-03:00  INFO 7662 --- [ms-cards] [restartedMain] DiscoveryClientOptionalArgsConfiguration : Eureka HTTP Client uses RestTemplate.
2025-07-25T12:46:42.675-03:00  WARN 7662 --- [ms-cards] [restartedMain] iguration$LoadBalancerCaffeineWarnLogger : Spring Cloud LoadBalancer is currently working with the default cache. While this cache implementation is useful for development and tests, it's recommended to use Caffeine cache in production.You can switch to using Caffeine cache, by adding it and org.springframework.cache.caffeine.CaffeineCacheManager to the classpath.
2025-07-25T12:46:42.686-03:00  INFO 7662 --- [ms-cards] [restartedMain] o.s.b.a.e.web.EndpointLinksResolver      : Exposing 4 endpoints beneath base path '/actuator'
2025-07-25T12:46:42.751-03:00  INFO 7662 --- [ms-cards] [restartedMain] o.s.b.w.embedded.tomcat.TomcatWebServer  : Tomcat started on port 35869 (http) with context path '/'
2025-07-25T12:46:42.752-03:00  INFO 7662 --- [ms-cards] [restartedMain] .s.c.n.e.s.EurekaAutoServiceRegistration : Updating port to 35869
2025-07-25T12:46:42.753-03:00  INFO 7662 --- [ms-cards] [restartedMain] o.s.c.n.eureka.InstanceInfoFactory       : Setting initial instance status as: STARTING
2025-07-25T12:46:42.760-03:00  INFO 7662 --- [ms-cards] [restartedMain] com.netflix.discovery.DiscoveryClient    : Initializing Eureka in region us-east-1
2025-07-25T12:46:42.760-03:00  INFO 7662 --- [ms-cards] [restartedMain] c.n.d.s.r.aws.ConfigClusterResolver      : Resolving eureka endpoints via configuration
2025-07-25T12:46:42.761-03:00  INFO 7662 --- [ms-cards] [restartedMain] com.netflix.discovery.DiscoveryClient    : Disable delta property : false
2025-07-25T12:46:42.761-03:00  INFO 7662 --- [ms-cards] [restartedMain] com.netflix.discovery.DiscoveryClient    : Single vip registry refresh property : null
2025-07-25T12:46:42.761-03:00  INFO 7662 --- [ms-cards] [restartedMain] com.netflix.discovery.DiscoveryClient    : Force full registry fetch : false
2025-07-25T12:46:42.761-03:00  INFO 7662 --- [ms-cards] [restartedMain] com.netflix.discovery.DiscoveryClient    : Application is null : false
2025-07-25T12:46:42.761-03:00  INFO 7662 --- [ms-cards] [restartedMain] com.netflix.discovery.DiscoveryClient    : Registered Applications size is zero : true
2025-07-25T12:46:42.761-03:00  INFO 7662 --- [ms-cards] [restartedMain] com.netflix.discovery.DiscoveryClient    : Application version is -1: true
2025-07-25T12:46:42.761-03:00  INFO 7662 --- [ms-cards] [restartedMain] com.netflix.discovery.DiscoveryClient    : Getting all instance registry info from the eureka server
2025-07-25T12:46:42.904-03:00  INFO 7662 --- [ms-cards] [restartedMain] com.netflix.discovery.DiscoveryClient    : The response status is 200
2025-07-25T12:46:42.905-03:00  INFO 7662 --- [ms-cards] [restartedMain] com.netflix.discovery.DiscoveryClient    : Starting heartbeat executor: renew interval is: 30
2025-07-25T12:46:42.905-03:00  INFO 7662 --- [ms-cards] [restartedMain] c.n.discovery.InstanceInfoReplicator     : InstanceInfoReplicator onDemand update allowed rate per min is 4
2025-07-25T12:46:42.905-03:00  INFO 7662 --- [ms-cards] [restartedMain] com.netflix.discovery.DiscoveryClient    : Discovery Client initialized at timestamp 1753458402905 with initial instances count: 4
2025-07-25T12:46:42.914-03:00  INFO 7662 --- [ms-cards] [restartedMain] o.s.c.n.e.s.EurekaServiceRegistry        : Registering application MS-CARDS with eureka with status UP
2025-07-25T12:46:42.915-03:00  INFO 7662 --- [ms-cards] [restartedMain] com.netflix.discovery.DiscoveryClient    : Saw local status change event StatusChangeEvent [timestamp=1753458402915, current=UP, previous=STARTING]
2025-07-25T12:46:42.915-03:00  INFO 7662 --- [ms-cards] [DiscoveryClient-InstanceInfoReplicator-%d] com.netflix.discovery.DiscoveryClient    : DiscoveryClient_MS-CARDS/ms-cards:6c08778d50beb3d685a8339eff5ff589: registering service...
2025-07-25T12:46:43.045-03:00  INFO 7662 --- [ms-cards] [DiscoveryClient-InstanceInfoReplicator-%d] com.netflix.discovery.DiscoveryClient    : DiscoveryClient_MS-CARDS/ms-cards:6c08778d50beb3d685a8339eff5ff589 - registration status: 204
2025-07-25T12:46:43.061-03:00  INFO 7662 --- [ms-cards] [restartedMain] o.s.a.r.c.CachingConnectionFactory       : Attempting to connect to: [192.168.0.26:5672]
2025-07-25T12:46:43.066-03:00  INFO 7662 --- [ms-cards] [restartedMain] o.s.a.r.c.CachingConnectionFactory       : Created new connection: rabbitConnectionFactory#3442be80:0/SimpleConnection@10845e4c [delegate=amqp://root@192.168.0.26:5672/, localPort=34704]
2025-07-25T12:46:43.104-03:00  INFO 7662 --- [ms-cards] [restartedMain] br.com.ivogoncalves.ms_cards.Startup     : Started Startup in 3.323 seconds (process running for 11663.466)
2025-07-25T12:46:43.109-03:00  INFO 7662 --- [ms-cards] [restartedMain] .ConditionEvaluationDeltaLoggingListener : Condition evaluation unchanged
2025-07-25T12:47:00.641-03:00  INFO 7662 --- [ms-cards] [File Watcher] rtingClassPathChangeChangedEventListener : Restarting due to 1 class path change (1 addition, 0 deletions, 0 modifications)
2025-07-25T12:47:00.643-03:00  INFO 7662 --- [ms-cards] [Thread-26] o.s.c.n.e.s.EurekaServiceRegistry        : Unregistering application MS-CARDS with eureka with status DOWN
2025-07-25T12:47:00.643-03:00  INFO 7662 --- [ms-cards] [Thread-26] com.netflix.discovery.DiscoveryClient    : Saw local status change event StatusChangeEvent [timestamp=1753458420643, current=DOWN, previous=UP]
2025-07-25T12:47:00.643-03:00  INFO 7662 --- [ms-cards] [DiscoveryClient-InstanceInfoReplicator-%d] com.netflix.discovery.DiscoveryClient    : DiscoveryClient_MS-CARDS/ms-cards:6c08778d50beb3d685a8339eff5ff589: registering service...
2025-07-25T12:47:00.645-03:00  INFO 7662 --- [ms-cards] [org.springframework.amqp.rabbit.RabbitListenerEndpointContainer#0-2] o.s.a.r.l.SimpleMessageListenerContainer : Waiting for workers to finish.
2025-07-25T12:47:00.761-03:00  INFO 7662 --- [ms-cards] [DiscoveryClient-InstanceInfoReplicator-%d] com.netflix.discovery.DiscoveryClient    : DiscoveryClient_MS-CARDS/ms-cards:6c08778d50beb3d685a8339eff5ff589 - registration status: 204
2025-07-25T12:47:01.080-03:00  INFO 7662 --- [ms-cards] [org.springframework.amqp.rabbit.RabbitListenerEndpointContainer#0-2] o.s.a.r.l.SimpleMessageListenerContainer : Successfully waited for workers to finish.
2025-07-25T12:47:01.080-03:00  INFO 7662 --- [ms-cards] [Thread-26] o.s.b.w.e.tomcat.GracefulShutdown        : Commencing graceful shutdown. Waiting for active requests to complete
2025-07-25T12:47:01.082-03:00  INFO 7662 --- [ms-cards] [tomcat-shutdown] o.s.b.w.e.tomcat.GracefulShutdown        : Graceful shutdown complete
2025-07-25T12:47:01.089-03:00  INFO 7662 --- [ms-cards] [Thread-26] j.LocalContainerEntityManagerFactoryBean : Closing JPA EntityManagerFactory for persistence unit 'default'
2025-07-25T12:47:01.092-03:00  WARN 7662 --- [ms-cards] [Thread-26] o.s.b.f.support.DisposableBeanAdapter    : Invocation of destroy method failed on bean with name 'inMemoryDatabaseShutdownExecutor': org.h2.jdbc.JdbcSQLNonTransientConnectionException: Database is already closed (to disable automatic closing at VM shutdown, add ";DB_CLOSE_ON_EXIT=FALSE" to the db URL) [90121-232]
2025-07-25T12:47:01.092-03:00  INFO 7662 --- [ms-cards] [Thread-26] com.zaxxer.hikari.HikariDataSource       : HikariPool-5 - Shutdown initiated...
2025-07-25T12:47:01.093-03:00  INFO 7662 --- [ms-cards] [Thread-26] com.zaxxer.hikari.HikariDataSource       : HikariPool-5 - Shutdown completed.
2025-07-25T12:47:01.094-03:00  INFO 7662 --- [ms-cards] [Thread-26] com.netflix.discovery.DiscoveryClient    : Shutting down DiscoveryClient ...
2025-07-25T12:47:04.094-03:00  INFO 7662 --- [ms-cards] [Thread-26] com.netflix.discovery.DiscoveryClient    : Unregistering ...
2025-07-25T12:47:04.205-03:00  INFO 7662 --- [ms-cards] [Thread-26] com.netflix.discovery.DiscoveryClient    : DiscoveryClient_MS-CARDS/ms-cards:6c08778d50beb3d685a8339eff5ff589 - deregister  status: 200
2025-07-25T12:47:04.205-03:00  INFO 7662 --- [ms-cards] [Thread-26] com.netflix.discovery.DiscoveryClient    : Completed shut down of DiscoveryClient
2025-07-25T12:47:04.503-03:00  INFO 7662 --- [ms-cards] [restartedMain] br.com.ivogoncalves.ms_cards.Startup     : Starting Startup using Java 17.0.10 with PID 7662 (/home/ivogoncalves/Documents/dev/Cursos/conteudo_microservices_servicosDeMensageria_rabbitMq_keyclock/microservices/ms-cards/target/classes started by ivogoncalves in /home/ivogoncalves/Documents/dev/Cursos/conteudo_microservices_servicosDeMensageria_rabbitMq_keyclock/microservices/ms-cards)
2025-07-25T12:47:04.503-03:00  INFO 7662 --- [ms-cards] [restartedMain] br.com.ivogoncalves.ms_cards.Startup     : No active profile set, falling back to 1 default profile: "default"
2025-07-25T12:47:04.883-03:00  INFO 7662 --- [ms-cards] [restartedMain] .s.d.r.c.RepositoryConfigurationDelegate : Bootstrapping Spring Data JPA repositories in DEFAULT mode.
2025-07-25T12:47:04.893-03:00  INFO 7662 --- [ms-cards] [restartedMain] .s.d.r.c.RepositoryConfigurationDelegate : Finished Spring Data repository scanning in 9 ms. Found 2 JPA repository interfaces.
2025-07-25T12:47:05.014-03:00  INFO 7662 --- [ms-cards] [restartedMain] o.s.cloud.context.scope.GenericScope     : BeanFactory id=ca706fe3-23eb-3b45-a796-9ddb7c9d4e38
2025-07-25T12:47:05.203-03:00  INFO 7662 --- [ms-cards] [restartedMain] o.s.b.w.embedded.tomcat.TomcatWebServer  : Tomcat initialized with port 0 (http)
2025-07-25T12:47:05.203-03:00  INFO 7662 --- [ms-cards] [restartedMain] o.apache.catalina.core.StandardService   : Starting service [Tomcat]
2025-07-25T12:47:05.204-03:00  INFO 7662 --- [ms-cards] [restartedMain] o.apache.catalina.core.StandardEngine    : Starting Servlet engine: [Apache Tomcat/10.1.39]
2025-07-25T12:47:05.218-03:00  INFO 7662 --- [ms-cards] [restartedMain] o.a.c.c.C.[Tomcat].[localhost].[/]       : Initializing Spring embedded WebApplicationContext
2025-07-25T12:47:05.218-03:00  INFO 7662 --- [ms-cards] [restartedMain] w.s.c.ServletWebServerApplicationContext : Root WebApplicationContext: initialization completed in 713 ms
2025-07-25T12:47:05.398-03:00  INFO 7662 --- [ms-cards] [restartedMain] com.zaxxer.hikari.HikariDataSource       : HikariPool-6 - Starting...
2025-07-25T12:47:05.400-03:00  INFO 7662 --- [ms-cards] [restartedMain] com.zaxxer.hikari.pool.HikariPool        : HikariPool-6 - Added connection conn100: url=jdbc:h2:mem:cardDB user=SA
2025-07-25T12:47:05.401-03:00  INFO 7662 --- [ms-cards] [restartedMain] com.zaxxer.hikari.HikariDataSource       : HikariPool-6 - Start completed.
2025-07-25T12:47:05.403-03:00  INFO 7662 --- [ms-cards] [restartedMain] o.hibernate.jpa.internal.util.LogHelper  : HHH000204: Processing PersistenceUnitInfo [name: default]
2025-07-25T12:47:05.406-03:00  INFO 7662 --- [ms-cards] [restartedMain] o.h.c.internal.RegionFactoryInitiator    : HHH000026: Second-level cache disabled
2025-07-25T12:47:05.417-03:00  INFO 7662 --- [ms-cards] [restartedMain] o.s.o.j.p.SpringPersistenceUnitInfo      : No LoadTimeWeaver setup: ignoring JPA class transformer
2025-07-25T12:47:05.419-03:00  INFO 7662 --- [ms-cards] [restartedMain] org.hibernate.orm.connections.pooling    : HHH10001005: Database info:
	Database JDBC URL [Connecting through datasource 'HikariDataSource (HikariPool-6)']
	Database driver: undefined/unknown
	Database version: 2.3.232
	Autocommit mode: undefined/unknown
	Isolation level: undefined/unknown
	Minimum pool size: undefined/unknown
	Maximum pool size: undefined/unknown
2025-07-25T12:47:05.478-03:00  INFO 7662 --- [ms-cards] [restartedMain] o.h.e.t.j.p.i.JtaPlatformInitiator       : HHH000489: No JTA platform available (set 'hibernate.transaction.jta.platform' to enable JTA platform integration)
2025-07-25T12:47:05.483-03:00  INFO 7662 --- [ms-cards] [restartedMain] j.LocalContainerEntityManagerFactoryBean : Initialized JPA EntityManagerFactory for persistence unit 'default'
2025-07-25T12:47:06.425-03:00  INFO 7662 --- [ms-cards] [restartedMain] o.s.b.a.h2.H2ConsoleAutoConfiguration    : H2 console available at '/h2-console'. Database available at 'jdbc:h2:mem:cardDB'
2025-07-25T12:47:06.459-03:00  WARN 7662 --- [ms-cards] [restartedMain] o.s.b.d.a.OptionalLiveReloadServer       : Unable to start LiveReload server
2025-07-25T12:47:06.693-03:00  INFO 7662 --- [ms-cards] [restartedMain] DiscoveryClientOptionalArgsConfiguration : Eureka HTTP Client uses RestTemplate.
2025-07-25T12:47:06.737-03:00  WARN 7662 --- [ms-cards] [restartedMain] iguration$LoadBalancerCaffeineWarnLogger : Spring Cloud LoadBalancer is currently working with the default cache. While this cache implementation is useful for development and tests, it's recommended to use Caffeine cache in production.You can switch to using Caffeine cache, by adding it and org.springframework.cache.caffeine.CaffeineCacheManager to the classpath.
2025-07-25T12:47:06.745-03:00  INFO 7662 --- [ms-cards] [restartedMain] o.s.b.a.e.web.EndpointLinksResolver      : Exposing 4 endpoints beneath base path '/actuator'
2025-07-25T12:47:06.803-03:00  INFO 7662 --- [ms-cards] [restartedMain] o.s.b.w.embedded.tomcat.TomcatWebServer  : Tomcat started on port 42547 (http) with context path '/'
2025-07-25T12:47:06.803-03:00  INFO 7662 --- [ms-cards] [restartedMain] .s.c.n.e.s.EurekaAutoServiceRegistration : Updating port to 42547
2025-07-25T12:47:06.804-03:00  INFO 7662 --- [ms-cards] [restartedMain] o.s.c.n.eureka.InstanceInfoFactory       : Setting initial instance status as: STARTING
2025-07-25T12:47:06.810-03:00  INFO 7662 --- [ms-cards] [restartedMain] com.netflix.discovery.DiscoveryClient    : Initializing Eureka in region us-east-1
2025-07-25T12:47:06.811-03:00  INFO 7662 --- [ms-cards] [restartedMain] c.n.d.s.r.aws.ConfigClusterResolver      : Resolving eureka endpoints via configuration
2025-07-25T12:47:06.811-03:00  INFO 7662 --- [ms-cards] [restartedMain] com.netflix.discovery.DiscoveryClient    : Disable delta property : false
2025-07-25T12:47:06.811-03:00  INFO 7662 --- [ms-cards] [restartedMain] com.netflix.discovery.DiscoveryClient    : Single vip registry refresh property : null
2025-07-25T12:47:06.812-03:00  INFO 7662 --- [ms-cards] [restartedMain] com.netflix.discovery.DiscoveryClient    : Force full registry fetch : false
2025-07-25T12:47:06.812-03:00  INFO 7662 --- [ms-cards] [restartedMain] com.netflix.discovery.DiscoveryClient    : Application is null : false
2025-07-25T12:47:06.812-03:00  INFO 7662 --- [ms-cards] [restartedMain] com.netflix.discovery.DiscoveryClient    : Registered Applications size is zero : true
2025-07-25T12:47:06.812-03:00  INFO 7662 --- [ms-cards] [restartedMain] com.netflix.discovery.DiscoveryClient    : Application version is -1: true
2025-07-25T12:47:06.812-03:00  INFO 7662 --- [ms-cards] [restartedMain] com.netflix.discovery.DiscoveryClient    : Getting all instance registry info from the eureka server
2025-07-25T12:47:06.956-03:00  INFO 7662 --- [ms-cards] [restartedMain] com.netflix.discovery.DiscoveryClient    : The response status is 200
2025-07-25T12:47:06.957-03:00  INFO 7662 --- [ms-cards] [restartedMain] com.netflix.discovery.DiscoveryClient    : Starting heartbeat executor: renew interval is: 30
2025-07-25T12:47:06.958-03:00  INFO 7662 --- [ms-cards] [restartedMain] c.n.discovery.InstanceInfoReplicator     : InstanceInfoReplicator onDemand update allowed rate per min is 4
2025-07-25T12:47:06.958-03:00  INFO 7662 --- [ms-cards] [restartedMain] com.netflix.discovery.DiscoveryClient    : Discovery Client initialized at timestamp 1753458426958 with initial instances count: 4
2025-07-25T12:47:06.964-03:00  INFO 7662 --- [ms-cards] [restartedMain] o.s.c.n.e.s.EurekaServiceRegistry        : Registering application MS-CARDS with eureka with status UP
2025-07-25T12:47:06.964-03:00  INFO 7662 --- [ms-cards] [restartedMain] com.netflix.discovery.DiscoveryClient    : Saw local status change event StatusChangeEvent [timestamp=1753458426964, current=UP, previous=STARTING]
2025-07-25T12:47:06.964-03:00  INFO 7662 --- [ms-cards] [DiscoveryClient-InstanceInfoReplicator-%d] com.netflix.discovery.DiscoveryClient    : DiscoveryClient_MS-CARDS/ms-cards:6ebe1282ca8d4e0b0cd168a028b61aec: registering service...
2025-07-25T12:47:07.088-03:00  INFO 7662 --- [ms-cards] [DiscoveryClient-InstanceInfoReplicator-%d] com.netflix.discovery.DiscoveryClient    : DiscoveryClient_MS-CARDS/ms-cards:6ebe1282ca8d4e0b0cd168a028b61aec - registration status: 204
2025-07-25T12:47:07.123-03:00  INFO 7662 --- [ms-cards] [restartedMain] o.s.a.r.c.CachingConnectionFactory       : Attempting to connect to: [192.168.0.26:5672]
2025-07-25T12:47:07.127-03:00  INFO 7662 --- [ms-cards] [restartedMain] o.s.a.r.c.CachingConnectionFactory       : Created new connection: rabbitConnectionFactory#7ddfe5e8:0/SimpleConnection@54ec9682 [delegate=amqp://root@192.168.0.26:5672/, localPort=53794]
2025-07-25T12:47:07.157-03:00  INFO 7662 --- [ms-cards] [restartedMain] br.com.ivogoncalves.ms_cards.Startup     : Started Startup in 2.855 seconds (process running for 11687.519)
2025-07-25T12:47:07.160-03:00  INFO 7662 --- [ms-cards] [restartedMain] .ConditionEvaluationDeltaLoggingListener : Condition evaluation unchanged
2025-07-25T12:47:46.980-03:00  INFO 7662 --- [ms-cards] [File Watcher] rtingClassPathChangeChangedEventListener : Restarting due to 1 class path change (0 additions, 0 deletions, 1 modification)
2025-07-25T12:47:46.982-03:00  INFO 7662 --- [ms-cards] [Thread-32] o.s.c.n.e.s.EurekaServiceRegistry        : Unregistering application MS-CARDS with eureka with status DOWN
2025-07-25T12:47:46.982-03:00  INFO 7662 --- [ms-cards] [Thread-32] com.netflix.discovery.DiscoveryClient    : Saw local status change event StatusChangeEvent [timestamp=1753458466982, current=DOWN, previous=UP]
2025-07-25T12:47:46.982-03:00  INFO 7662 --- [ms-cards] [DiscoveryClient-InstanceInfoReplicator-%d] com.netflix.discovery.DiscoveryClient    : DiscoveryClient_MS-CARDS/ms-cards:6ebe1282ca8d4e0b0cd168a028b61aec: registering service...
2025-07-25T12:47:46.989-03:00  INFO 7662 --- [ms-cards] [org.springframework.amqp.rabbit.RabbitListenerEndpointContainer#0-2] o.s.a.r.l.SimpleMessageListenerContainer : Waiting for workers to finish.
2025-07-25T12:47:47.117-03:00  INFO 7662 --- [ms-cards] [DiscoveryClient-InstanceInfoReplicator-%d] com.netflix.discovery.DiscoveryClient    : DiscoveryClient_MS-CARDS/ms-cards:6ebe1282ca8d4e0b0cd168a028b61aec - registration status: 204
2025-07-25T12:47:47.145-03:00  INFO 7662 --- [ms-cards] [org.springframework.amqp.rabbit.RabbitListenerEndpointContainer#0-2] o.s.a.r.l.SimpleMessageListenerContainer : Successfully waited for workers to finish.
2025-07-25T12:47:47.146-03:00  INFO 7662 --- [ms-cards] [Thread-32] o.s.b.w.e.tomcat.GracefulShutdown        : Commencing graceful shutdown. Waiting for active requests to complete
2025-07-25T12:47:47.147-03:00  INFO 7662 --- [ms-cards] [tomcat-shutdown] o.s.b.w.e.tomcat.GracefulShutdown        : Graceful shutdown complete
2025-07-25T12:47:47.154-03:00  INFO 7662 --- [ms-cards] [Thread-32] j.LocalContainerEntityManagerFactoryBean : Closing JPA EntityManagerFactory for persistence unit 'default'
2025-07-25T12:47:47.159-03:00  WARN 7662 --- [ms-cards] [Thread-32] o.s.b.f.support.DisposableBeanAdapter    : Invocation of destroy method failed on bean with name 'inMemoryDatabaseShutdownExecutor': org.h2.jdbc.JdbcSQLNonTransientConnectionException: Database is already closed (to disable automatic closing at VM shutdown, add ";DB_CLOSE_ON_EXIT=FALSE" to the db URL) [90121-232]
2025-07-25T12:47:47.160-03:00  INFO 7662 --- [ms-cards] [Thread-32] com.zaxxer.hikari.HikariDataSource       : HikariPool-6 - Shutdown initiated...
2025-07-25T12:47:47.161-03:00  INFO 7662 --- [ms-cards] [Thread-32] com.zaxxer.hikari.HikariDataSource       : HikariPool-6 - Shutdown completed.
2025-07-25T12:47:47.161-03:00  INFO 7662 --- [ms-cards] [Thread-32] com.netflix.discovery.DiscoveryClient    : Shutting down DiscoveryClient ...
2025-07-25T12:47:50.162-03:00  INFO 7662 --- [ms-cards] [Thread-32] com.netflix.discovery.DiscoveryClient    : Unregistering ...
2025-07-25T12:47:50.278-03:00  INFO 7662 --- [ms-cards] [Thread-32] com.netflix.discovery.DiscoveryClient    : DiscoveryClient_MS-CARDS/ms-cards:6ebe1282ca8d4e0b0cd168a028b61aec - deregister  status: 200
2025-07-25T12:47:50.279-03:00  INFO 7662 --- [ms-cards] [Thread-32] com.netflix.discovery.DiscoveryClient    : Completed shut down of DiscoveryClient
2025-07-25T12:47:50.585-03:00  INFO 7662 --- [ms-cards] [restartedMain] br.com.ivogoncalves.ms_cards.Startup     : Starting Startup using Java 17.0.10 with PID 7662 (/home/ivogoncalves/Documents/dev/Cursos/conteudo_microservices_servicosDeMensageria_rabbitMq_keyclock/microservices/ms-cards/target/classes started by ivogoncalves in /home/ivogoncalves/Documents/dev/Cursos/conteudo_microservices_servicosDeMensageria_rabbitMq_keyclock/microservices/ms-cards)
2025-07-25T12:47:50.586-03:00  INFO 7662 --- [ms-cards] [restartedMain] br.com.ivogoncalves.ms_cards.Startup     : No active profile set, falling back to 1 default profile: "default"
2025-07-25T12:47:50.826-03:00  WARN 7662 --- [ms-cards] [restartedMain] ConfigServletWebServerApplicationContext : Exception encountered during context initialization - cancelling refresh attempt: java.lang.IllegalStateException: Error processing condition on org.springframework.boot.autoconfigure.context.PropertyPlaceholderAutoConfiguration.propertySourcesPlaceholderConfigurer
2025-07-25T12:47:50.839-03:00  INFO 7662 --- [ms-cards] [restartedMain] .s.b.a.l.ConditionEvaluationReportLogger : 

Error starting ApplicationContext. To display the condition evaluation report re-run your application with 'debug' enabled.
2025-07-25T12:47:50.857-03:00 ERROR 7662 --- [ms-cards] [restartedMain] o.s.boot.SpringApplication               : Application run failed

java.lang.IllegalStateException: Error processing condition on org.springframework.boot.autoconfigure.context.PropertyPlaceholderAutoConfiguration.propertySourcesPlaceholderConfigurer
	at org.springframework.boot.autoconfigure.condition.SpringBootCondition.matches(SpringBootCondition.java:60) ~[spring-boot-autoconfigure-3.4.4.jar:3.4.4]
	at org.springframework.context.annotation.ConditionEvaluator.shouldSkip(ConditionEvaluator.java:99) ~[spring-context-6.2.5.jar:6.2.5]
	at org.springframework.context.annotation.ConfigurationClassBeanDefinitionReader.loadBeanDefinitionsForBeanMethod(ConfigurationClassBeanDefinitionReader.java:184) ~[spring-context-6.2.5.jar:6.2.5]
	at org.springframework.context.annotation.ConfigurationClassBeanDefinitionReader.loadBeanDefinitionsForConfigurationClass(ConfigurationClassBeanDefinitionReader.java:145) ~[spring-context-6.2.5.jar:6.2.5]
	at org.springframework.context.annotation.ConfigurationClassBeanDefinitionReader.loadBeanDefinitions(ConfigurationClassBeanDefinitionReader.java:121) ~[spring-context-6.2.5.jar:6.2.5]
	at org.springframework.context.annotation.ConfigurationClassPostProcessor.processConfigBeanDefinitions(ConfigurationClassPostProcessor.java:430) ~[spring-context-6.2.5.jar:6.2.5]
	at org.springframework.context.annotation.ConfigurationClassPostProcessor.postProcessBeanDefinitionRegistry(ConfigurationClassPostProcessor.java:290) ~[spring-context-6.2.5.jar:6.2.5]
	at org.springframework.context.support.PostProcessorRegistrationDelegate.invokeBeanDefinitionRegistryPostProcessors(PostProcessorRegistrationDelegate.java:349) ~[spring-context-6.2.5.jar:6.2.5]
	at org.springframework.context.support.PostProcessorRegistrationDelegate.invokeBeanFactoryPostProcessors(PostProcessorRegistrationDelegate.java:118) ~[spring-context-6.2.5.jar:6.2.5]
	at org.springframework.context.support.AbstractApplicationContext.invokeBeanFactoryPostProcessors(AbstractApplicationContext.java:791) ~[spring-context-6.2.5.jar:6.2.5]
	at org.springframework.context.support.AbstractApplicationContext.refresh(AbstractApplicationContext.java:609) ~[spring-context-6.2.5.jar:6.2.5]
	at org.springframework.boot.web.servlet.context.ServletWebServerApplicationContext.refresh(ServletWebServerApplicationContext.java:146) ~[spring-boot-3.4.4.jar:3.4.4]
	at org.springframework.boot.SpringApplication.refresh(SpringApplication.java:752) ~[spring-boot-3.4.4.jar:3.4.4]
	at org.springframework.boot.SpringApplication.refreshContext(SpringApplication.java:439) ~[spring-boot-3.4.4.jar:3.4.4]
	at org.springframework.boot.SpringApplication.run(SpringApplication.java:318) ~[spring-boot-3.4.4.jar:3.4.4]
	at org.springframework.boot.SpringApplication.run(SpringApplication.java:1361) ~[spring-boot-3.4.4.jar:3.4.4]
	at org.springframework.boot.SpringApplication.run(SpringApplication.java:1350) ~[spring-boot-3.4.4.jar:3.4.4]
	at br.com.ivogoncalves.ms_cards.Startup.main(Startup.java:12) ~[classes/:na]
	at java.base/jdk.internal.reflect.NativeMethodAccessorImpl.invoke0(Native Method) ~[na:na]
	at java.base/jdk.internal.reflect.NativeMethodAccessorImpl.invoke(NativeMethodAccessorImpl.java:77) ~[na:na]
	at java.base/jdk.internal.reflect.DelegatingMethodAccessorImpl.invoke(DelegatingMethodAccessorImpl.java:43) ~[na:na]
	at java.base/java.lang.reflect.Method.invoke(Method.java:568) ~[na:na]
	at org.springframework.boot.devtools.restart.RestartLauncher.run(RestartLauncher.java:50) ~[spring-boot-devtools-3.4.4.jar:3.4.4]
Caused by: java.lang.IllegalStateException: Failed to introspect Class [br.com.ivogoncalves.ms_cards.config.SecurityConfig] from ClassLoader [org.springframework.boot.devtools.restart.classloader.RestartClassLoader@6bc1e7ee]
	at org.springframework.util.ReflectionUtils.getDeclaredMethods(ReflectionUtils.java:483) ~[spring-core-6.2.5.jar:6.2.5]
	at org.springframework.util.ReflectionUtils.doWithMethods(ReflectionUtils.java:360) ~[spring-core-6.2.5.jar:6.2.5]
	at org.springframework.util.ReflectionUtils.getUniqueDeclaredMethods(ReflectionUtils.java:417) ~[spring-core-6.2.5.jar:6.2.5]
	at org.springframework.beans.factory.support.AbstractAutowireCapableBeanFactory.lambda$getTypeForFactoryMethod$1(AbstractAutowireCapableBeanFactory.java:751) ~[spring-beans-6.2.5.jar:6.2.5]
	at java.base/java.util.concurrent.ConcurrentHashMap.computeIfAbsent(ConcurrentHashMap.java:1708) ~[na:na]
	at org.springframework.beans.factory.support.AbstractAutowireCapableBeanFactory.getTypeForFactoryMethod(AbstractAutowireCapableBeanFactory.java:750) ~[spring-beans-6.2.5.jar:6.2.5]
	at org.springframework.beans.factory.support.AbstractAutowireCapableBeanFactory.determineTargetType(AbstractAutowireCapableBeanFactory.java:683) ~[spring-beans-6.2.5.jar:6.2.5]
	at org.springframework.beans.factory.support.AbstractAutowireCapableBeanFactory.predictBeanType(AbstractAutowireCapableBeanFactory.java:654) ~[spring-beans-6.2.5.jar:6.2.5]
	at org.springframework.beans.factory.support.AbstractBeanFactory.isFactoryBean(AbstractBeanFactory.java:1704) ~[spring-beans-6.2.5.jar:6.2.5]
	at org.springframework.beans.factory.support.DefaultListableBeanFactory.doGetBeanNamesForType(DefaultListableBeanFactory.java:618) ~[spring-beans-6.2.5.jar:6.2.5]
	at org.springframework.beans.factory.support.DefaultListableBeanFactory.getBeanNamesForType(DefaultListableBeanFactory.java:590) ~[spring-beans-6.2.5.jar:6.2.5]
	at org.springframework.boot.autoconfigure.condition.OnBeanCondition.collectBeanDefinitionsForType(OnBeanCondition.java:332) ~[spring-boot-autoconfigure-3.4.4.jar:3.4.4]
	at org.springframework.boot.autoconfigure.condition.OnBeanCondition.getBeanDefinitionsForType(OnBeanCondition.java:324) ~[spring-boot-autoconfigure-3.4.4.jar:3.4.4]
	at org.springframework.boot.autoconfigure.condition.OnBeanCondition.getBeanDefinitionsForType(OnBeanCondition.java:314) ~[spring-boot-autoconfigure-3.4.4.jar:3.4.4]
	at org.springframework.boot.autoconfigure.condition.OnBeanCondition.getMatchingBeans(OnBeanCondition.java:213) ~[spring-boot-autoconfigure-3.4.4.jar:3.4.4]
	at org.springframework.boot.autoconfigure.condition.OnBeanCondition.evaluateConditionalOnMissingBean(OnBeanCondition.java:196) ~[spring-boot-autoconfigure-3.4.4.jar:3.4.4]
	at org.springframework.boot.autoconfigure.condition.OnBeanCondition.getMatchOutcome(OnBeanCondition.java:143) ~[spring-boot-autoconfigure-3.4.4.jar:3.4.4]
	at org.springframework.boot.autoconfigure.condition.SpringBootCondition.matches(SpringBootCondition.java:47) ~[spring-boot-autoconfigure-3.4.4.jar:3.4.4]
	... 22 common frames omitted
Caused by: java.lang.NoClassDefFoundError: org/springframework/security/core/userdetails/UserDetailsService
	at java.base/java.lang.Class.getDeclaredMethods0(Native Method) ~[na:na]
	at java.base/java.lang.Class.privateGetDeclaredMethods(Class.java:3402) ~[na:na]
	at java.base/java.lang.Class.getDeclaredMethods(Class.java:2504) ~[na:na]
	at org.springframework.util.ReflectionUtils.getDeclaredMethods(ReflectionUtils.java:465) ~[spring-core-6.2.5.jar:6.2.5]
	... 39 common frames omitted
Caused by: java.lang.ClassNotFoundException: org.springframework.security.core.userdetails.UserDetailsService
	at java.base/jdk.internal.loader.BuiltinClassLoader.loadClass(BuiltinClassLoader.java:641) ~[na:na]
	at java.base/jdk.internal.loader.ClassLoaders$AppClassLoader.loadClass(ClassLoaders.java:188) ~[na:na]
	at java.base/java.lang.ClassLoader.loadClass(ClassLoader.java:520) ~[na:na]
	at java.base/java.lang.Class.forName0(Native Method) ~[na:na]
	at java.base/java.lang.Class.forName(Class.java:467) ~[na:na]
	at org.springframework.boot.devtools.restart.classloader.RestartClassLoader.loadClass(RestartClassLoader.java:121) ~[spring-boot-devtools-3.4.4.jar:3.4.4]
	at java.base/java.lang.ClassLoader.loadClass(ClassLoader.java:520) ~[na:na]
	... 43 common frames omitted

2025-07-25T12:48:06.498-03:00  INFO 7662 --- [ms-cards] [restartedMain] br.com.ivogoncalves.ms_cards.Startup     : Starting Startup using Java 17.0.10 with PID 7662 (/home/ivogoncalves/Documents/dev/Cursos/conteudo_microservices_servicosDeMensageria_rabbitMq_keyclock/microservices/ms-cards/target/classes started by ivogoncalves in /home/ivogoncalves/Documents/dev/Cursos/conteudo_microservices_servicosDeMensageria_rabbitMq_keyclock/microservices/ms-cards)
2025-07-25T12:48:06.498-03:00  INFO 7662 --- [ms-cards] [restartedMain] br.com.ivogoncalves.ms_cards.Startup     : No active profile set, falling back to 1 default profile: "default"
2025-07-25T12:48:06.735-03:00  WARN 7662 --- [ms-cards] [restartedMain] ConfigServletWebServerApplicationContext : Exception encountered during context initialization - cancelling refresh attempt: java.lang.IllegalStateException: Error processing condition on org.springframework.boot.autoconfigure.context.PropertyPlaceholderAutoConfiguration.propertySourcesPlaceholderConfigurer
2025-07-25T12:48:06.744-03:00  INFO 7662 --- [ms-cards] [restartedMain] .s.b.a.l.ConditionEvaluationReportLogger : 

Error starting ApplicationContext. To display the condition evaluation report re-run your application with 'debug' enabled.
2025-07-25T12:48:06.747-03:00 ERROR 7662 --- [ms-cards] [restartedMain] o.s.boot.SpringApplication               : Application run failed

java.lang.IllegalStateException: Error processing condition on org.springframework.boot.autoconfigure.context.PropertyPlaceholderAutoConfiguration.propertySourcesPlaceholderConfigurer
	at org.springframework.boot.autoconfigure.condition.SpringBootCondition.matches(SpringBootCondition.java:60) ~[spring-boot-autoconfigure-3.4.4.jar:3.4.4]
	at org.springframework.context.annotation.ConditionEvaluator.shouldSkip(ConditionEvaluator.java:99) ~[spring-context-6.2.5.jar:6.2.5]
	at org.springframework.context.annotation.ConfigurationClassBeanDefinitionReader.loadBeanDefinitionsForBeanMethod(ConfigurationClassBeanDefinitionReader.java:184) ~[spring-context-6.2.5.jar:6.2.5]
	at org.springframework.context.annotation.ConfigurationClassBeanDefinitionReader.loadBeanDefinitionsForConfigurationClass(ConfigurationClassBeanDefinitionReader.java:145) ~[spring-context-6.2.5.jar:6.2.5]
	at org.springframework.context.annotation.ConfigurationClassBeanDefinitionReader.loadBeanDefinitions(ConfigurationClassBeanDefinitionReader.java:121) ~[spring-context-6.2.5.jar:6.2.5]
	at org.springframework.context.annotation.ConfigurationClassPostProcessor.processConfigBeanDefinitions(ConfigurationClassPostProcessor.java:430) ~[spring-context-6.2.5.jar:6.2.5]
	at org.springframework.context.annotation.ConfigurationClassPostProcessor.postProcessBeanDefinitionRegistry(ConfigurationClassPostProcessor.java:290) ~[spring-context-6.2.5.jar:6.2.5]
	at org.springframework.context.support.PostProcessorRegistrationDelegate.invokeBeanDefinitionRegistryPostProcessors(PostProcessorRegistrationDelegate.java:349) ~[spring-context-6.2.5.jar:6.2.5]
	at org.springframework.context.support.PostProcessorRegistrationDelegate.invokeBeanFactoryPostProcessors(PostProcessorRegistrationDelegate.java:118) ~[spring-context-6.2.5.jar:6.2.5]
	at org.springframework.context.support.AbstractApplicationContext.invokeBeanFactoryPostProcessors(AbstractApplicationContext.java:791) ~[spring-context-6.2.5.jar:6.2.5]
	at org.springframework.context.support.AbstractApplicationContext.refresh(AbstractApplicationContext.java:609) ~[spring-context-6.2.5.jar:6.2.5]
	at org.springframework.boot.web.servlet.context.ServletWebServerApplicationContext.refresh(ServletWebServerApplicationContext.java:146) ~[spring-boot-3.4.4.jar:3.4.4]
	at org.springframework.boot.SpringApplication.refresh(SpringApplication.java:752) ~[spring-boot-3.4.4.jar:3.4.4]
	at org.springframework.boot.SpringApplication.refreshContext(SpringApplication.java:439) ~[spring-boot-3.4.4.jar:3.4.4]
	at org.springframework.boot.SpringApplication.run(SpringApplication.java:318) ~[spring-boot-3.4.4.jar:3.4.4]
	at org.springframework.boot.SpringApplication.run(SpringApplication.java:1361) ~[spring-boot-3.4.4.jar:3.4.4]
	at org.springframework.boot.SpringApplication.run(SpringApplication.java:1350) ~[spring-boot-3.4.4.jar:3.4.4]
	at br.com.ivogoncalves.ms_cards.Startup.main(Startup.java:12) ~[classes/:na]
	at java.base/jdk.internal.reflect.NativeMethodAccessorImpl.invoke0(Native Method) ~[na:na]
	at java.base/jdk.internal.reflect.NativeMethodAccessorImpl.invoke(NativeMethodAccessorImpl.java:77) ~[na:na]
	at java.base/jdk.internal.reflect.DelegatingMethodAccessorImpl.invoke(DelegatingMethodAccessorImpl.java:43) ~[na:na]
	at java.base/java.lang.reflect.Method.invoke(Method.java:568) ~[na:na]
	at org.springframework.boot.devtools.restart.RestartLauncher.run(RestartLauncher.java:50) ~[spring-boot-devtools-3.4.4.jar:3.4.4]
Caused by: java.lang.IllegalStateException: Failed to introspect Class [br.com.ivogoncalves.ms_cards.config.OpenApiConfig] from ClassLoader [org.springframework.boot.devtools.restart.classloader.RestartClassLoader@3532a63c]
	at org.springframework.util.ReflectionUtils.getDeclaredMethods(ReflectionUtils.java:483) ~[spring-core-6.2.5.jar:6.2.5]
	at org.springframework.util.ReflectionUtils.doWithMethods(ReflectionUtils.java:360) ~[spring-core-6.2.5.jar:6.2.5]
	at org.springframework.util.ReflectionUtils.getUniqueDeclaredMethods(ReflectionUtils.java:417) ~[spring-core-6.2.5.jar:6.2.5]
	at org.springframework.beans.factory.support.AbstractAutowireCapableBeanFactory.lambda$getTypeForFactoryMethod$1(AbstractAutowireCapableBeanFactory.java:751) ~[spring-beans-6.2.5.jar:6.2.5]
	at java.base/java.util.concurrent.ConcurrentHashMap.computeIfAbsent(ConcurrentHashMap.java:1708) ~[na:na]
	at org.springframework.beans.factory.support.AbstractAutowireCapableBeanFactory.getTypeForFactoryMethod(AbstractAutowireCapableBeanFactory.java:750) ~[spring-beans-6.2.5.jar:6.2.5]
	at org.springframework.beans.factory.support.AbstractAutowireCapableBeanFactory.determineTargetType(AbstractAutowireCapableBeanFactory.java:683) ~[spring-beans-6.2.5.jar:6.2.5]
	at org.springframework.beans.factory.support.AbstractAutowireCapableBeanFactory.predictBeanType(AbstractAutowireCapableBeanFactory.java:654) ~[spring-beans-6.2.5.jar:6.2.5]
	at org.springframework.beans.factory.support.AbstractBeanFactory.isFactoryBean(AbstractBeanFactory.java:1704) ~[spring-beans-6.2.5.jar:6.2.5]
	at org.springframework.beans.factory.support.DefaultListableBeanFactory.doGetBeanNamesForType(DefaultListableBeanFactory.java:618) ~[spring-beans-6.2.5.jar:6.2.5]
	at org.springframework.beans.factory.support.DefaultListableBeanFactory.getBeanNamesForType(DefaultListableBeanFactory.java:590) ~[spring-beans-6.2.5.jar:6.2.5]
	at org.springframework.boot.autoconfigure.condition.OnBeanCondition.collectBeanDefinitionsForType(OnBeanCondition.java:332) ~[spring-boot-autoconfigure-3.4.4.jar:3.4.4]
	at org.springframework.boot.autoconfigure.condition.OnBeanCondition.getBeanDefinitionsForType(OnBeanCondition.java:324) ~[spring-boot-autoconfigure-3.4.4.jar:3.4.4]
	at org.springframework.boot.autoconfigure.condition.OnBeanCondition.getBeanDefinitionsForType(OnBeanCondition.java:314) ~[spring-boot-autoconfigure-3.4.4.jar:3.4.4]
	at org.springframework.boot.autoconfigure.condition.OnBeanCondition.getMatchingBeans(OnBeanCondition.java:213) ~[spring-boot-autoconfigure-3.4.4.jar:3.4.4]
	at org.springframework.boot.autoconfigure.condition.OnBeanCondition.evaluateConditionalOnMissingBean(OnBeanCondition.java:196) ~[spring-boot-autoconfigure-3.4.4.jar:3.4.4]
	at org.springframework.boot.autoconfigure.condition.OnBeanCondition.getMatchOutcome(OnBeanCondition.java:143) ~[spring-boot-autoconfigure-3.4.4.jar:3.4.4]
	at org.springframework.boot.autoconfigure.condition.SpringBootCondition.matches(SpringBootCondition.java:47) ~[spring-boot-autoconfigure-3.4.4.jar:3.4.4]
	... 22 common frames omitted
Caused by: java.lang.NoClassDefFoundError: io/swagger/v3/oas/models/OpenAPI
	at java.base/java.lang.Class.getDeclaredMethods0(Native Method) ~[na:na]
	at java.base/java.lang.Class.privateGetDeclaredMethods(Class.java:3402) ~[na:na]
	at java.base/java.lang.Class.getDeclaredMethods(Class.java:2504) ~[na:na]
	at org.springframework.util.ReflectionUtils.getDeclaredMethods(ReflectionUtils.java:465) ~[spring-core-6.2.5.jar:6.2.5]
	... 39 common frames omitted
Caused by: java.lang.ClassNotFoundException: io.swagger.v3.oas.models.OpenAPI
	at java.base/jdk.internal.loader.BuiltinClassLoader.loadClass(BuiltinClassLoader.java:641) ~[na:na]
	at java.base/jdk.internal.loader.ClassLoaders$AppClassLoader.loadClass(ClassLoaders.java:188) ~[na:na]
	at java.base/java.lang.ClassLoader.loadClass(ClassLoader.java:520) ~[na:na]
	at java.base/java.lang.Class.forName0(Native Method) ~[na:na]
	at java.base/java.lang.Class.forName(Class.java:467) ~[na:na]
	at org.springframework.boot.devtools.restart.classloader.RestartClassLoader.loadClass(RestartClassLoader.java:121) ~[spring-boot-devtools-3.4.4.jar:3.4.4]
	at java.base/java.lang.ClassLoader.loadClass(ClassLoader.java:520) ~[na:na]
	... 43 common frames omitted

