2025-08-07T10:51:10.881-03:00  INFO 18183 --- [ms-cards] [restartedMain] br.com.ivogoncalves.ms_cards.Startup     : Starting Startup using Java 17.0.15 with PID 18183 (/home/ivo/Documents/Cursos/conteudo_microservices_servicosDeMensageria_rabbitMq_keyclock/microservices/ms-cards/target/classes started by ivo in /home/ivo/Documents/Cursos/conteudo_microservices_servicosDeMensageria_rabbitMq_keyclock/microservices/ms-cards)
2025-08-07T10:51:10.890-03:00  INFO 18183 --- [ms-cards] [restartedMain] br.com.ivogoncalves.ms_cards.Startup     : No active profile set, falling back to 1 default profile: "default"
2025-08-07T10:51:10.954-03:00  INFO 18183 --- [ms-cards] [restartedMain] .e.DevToolsPropertyDefaultsPostProcessor : Devtools property defaults active! Set 'spring.devtools.add-properties' to 'false' to disable
2025-08-07T10:51:10.955-03:00  INFO 18183 --- [ms-cards] [restartedMain] .e.DevToolsPropertyDefaultsPostProcessor : For additional web related logging consider setting the 'logging.level.web' property to 'DEBUG'
2025-08-07T10:51:12.745-03:00  INFO 18183 --- [ms-cards] [restartedMain] .s.d.r.c.RepositoryConfigurationDelegate : Bootstrapping Spring Data JPA repositories in DEFAULT mode.
2025-08-07T10:51:12.909-03:00  INFO 18183 --- [ms-cards] [restartedMain] .s.d.r.c.RepositoryConfigurationDelegate : Finished Spring Data repository scanning in 152 ms. Found 2 JPA repository interfaces.
2025-08-07T10:51:13.275-03:00  INFO 18183 --- [ms-cards] [restartedMain] o.s.cloud.context.scope.GenericScope     : BeanFactory id=d12a2041-1c67-3c40-859f-3e96f743206b
2025-08-07T10:51:14.111-03:00  INFO 18183 --- [ms-cards] [restartedMain] o.s.b.w.embedded.tomcat.TomcatWebServer  : Tomcat initialized with port 0 (http)
2025-08-07T10:51:14.129-03:00  INFO 18183 --- [ms-cards] [restartedMain] o.apache.catalina.core.StandardService   : Starting service [Tomcat]
2025-08-07T10:51:14.131-03:00  INFO 18183 --- [ms-cards] [restartedMain] o.apache.catalina.core.StandardEngine    : Starting Servlet engine: [Apache Tomcat/10.1.39]
2025-08-07T10:51:14.185-03:00  INFO 18183 --- [ms-cards] [restartedMain] o.a.c.c.C.[Tomcat].[localhost].[/]       : Initializing Spring embedded WebApplicationContext
2025-08-07T10:51:14.185-03:00  INFO 18183 --- [ms-cards] [restartedMain] w.s.c.ServletWebServerApplicationContext : Root WebApplicationContext: initialization completed in 3229 ms
2025-08-07T10:51:14.636-03:00  INFO 18183 --- [ms-cards] [restartedMain] com.zaxxer.hikari.HikariDataSource       : HikariPool-1 - Starting...
2025-08-07T10:51:14.858-03:00  INFO 18183 --- [ms-cards] [restartedMain] com.zaxxer.hikari.pool.HikariPool        : HikariPool-1 - Added connection conn0: url=jdbc:h2:mem:cardDB user=SA
2025-08-07T10:51:14.861-03:00  INFO 18183 --- [ms-cards] [restartedMain] com.zaxxer.hikari.HikariDataSource       : HikariPool-1 - Start completed.
2025-08-07T10:51:14.920-03:00  INFO 18183 --- [ms-cards] [restartedMain] o.hibernate.jpa.internal.util.LogHelper  : HHH000204: Processing PersistenceUnitInfo [name: default]
2025-08-07T10:51:14.976-03:00  INFO 18183 --- [ms-cards] [restartedMain] org.hibernate.Version                    : HHH000412: Hibernate ORM core version 6.6.11.Final
2025-08-07T10:51:15.019-03:00  INFO 18183 --- [ms-cards] [restartedMain] o.h.c.internal.RegionFactoryInitiator    : HHH000026: Second-level cache disabled
2025-08-07T10:51:15.343-03:00  INFO 18183 --- [ms-cards] [restartedMain] o.s.o.j.p.SpringPersistenceUnitInfo      : No LoadTimeWeaver setup: ignoring JPA class transformer
2025-08-07T10:51:15.433-03:00  INFO 18183 --- [ms-cards] [restartedMain] org.hibernate.orm.connections.pooling    : HHH10001005: Database info:
	Database JDBC URL [Connecting through datasource 'HikariDataSource (HikariPool-1)']
	Database driver: undefined/unknown
	Database version: 2.3.232
	Autocommit mode: undefined/unknown
	Isolation level: undefined/unknown
	Minimum pool size: undefined/unknown
	Maximum pool size: undefined/unknown
2025-08-07T10:51:16.369-03:00  INFO 18183 --- [ms-cards] [restartedMain] o.h.e.t.j.p.i.JtaPlatformInitiator       : HHH000489: No JTA platform available (set 'hibernate.transaction.jta.platform' to enable JTA platform integration)
2025-08-07T10:51:16.433-03:00  INFO 18183 --- [ms-cards] [restartedMain] j.LocalContainerEntityManagerFactoryBean : Initialized JPA EntityManagerFactory for persistence unit 'default'
2025-08-07T10:51:17.130-03:00  INFO 18183 --- [ms-cards] [restartedMain] r$InitializeUserDetailsManagerConfigurer : Global AuthenticationManager configured with UserDetailsService bean with name userDetailsService
2025-08-07T10:51:18.225-03:00  INFO 18183 --- [ms-cards] [restartedMain] o.s.b.a.e.web.EndpointLinksResolver      : Exposing 4 endpoints beneath base path '/actuator'
2025-08-07T10:51:19.063-03:00  INFO 18183 --- [ms-cards] [restartedMain] o.s.b.a.h2.H2ConsoleAutoConfiguration    : H2 console available at '/h2-console'. Database available at 'jdbc:h2:mem:cardDB'
2025-08-07T10:51:19.178-03:00  WARN 18183 --- [ms-cards] [restartedMain] o.s.b.d.a.OptionalLiveReloadServer       : Unable to start LiveReload server
2025-08-07T10:51:19.519-03:00  INFO 18183 --- [ms-cards] [restartedMain] DiscoveryClientOptionalArgsConfiguration : Eureka HTTP Client uses RestTemplate.
2025-08-07T10:51:19.803-03:00  INFO 18183 --- [ms-cards] [restartedMain] o.s.b.w.embedded.tomcat.TomcatWebServer  : Tomcat started on port 34145 (http) with context path '/'
2025-08-07T10:51:19.805-03:00  INFO 18183 --- [ms-cards] [restartedMain] .s.c.n.e.s.EurekaAutoServiceRegistration : Updating port to 34145
2025-08-07T10:51:19.813-03:00  INFO 18183 --- [ms-cards] [restartedMain] o.s.c.n.eureka.InstanceInfoFactory       : Setting initial instance status as: STARTING
2025-08-07T10:51:19.847-03:00  INFO 18183 --- [ms-cards] [restartedMain] com.netflix.discovery.DiscoveryClient    : Initializing Eureka in region us-east-1
2025-08-07T10:51:19.851-03:00  INFO 18183 --- [ms-cards] [restartedMain] c.n.d.s.r.aws.ConfigClusterResolver      : Resolving eureka endpoints via configuration
2025-08-07T10:51:19.862-03:00  INFO 18183 --- [ms-cards] [restartedMain] com.netflix.discovery.DiscoveryClient    : Disable delta property : false
2025-08-07T10:51:19.863-03:00  INFO 18183 --- [ms-cards] [restartedMain] com.netflix.discovery.DiscoveryClient    : Single vip registry refresh property : null
2025-08-07T10:51:19.863-03:00  INFO 18183 --- [ms-cards] [restartedMain] com.netflix.discovery.DiscoveryClient    : Force full registry fetch : false
2025-08-07T10:51:19.863-03:00  INFO 18183 --- [ms-cards] [restartedMain] com.netflix.discovery.DiscoveryClient    : Application is null : false
2025-08-07T10:51:19.863-03:00  INFO 18183 --- [ms-cards] [restartedMain] com.netflix.discovery.DiscoveryClient    : Registered Applications size is zero : true
2025-08-07T10:51:19.863-03:00  INFO 18183 --- [ms-cards] [restartedMain] com.netflix.discovery.DiscoveryClient    : Application version is -1: true
2025-08-07T10:51:19.864-03:00  INFO 18183 --- [ms-cards] [restartedMain] com.netflix.discovery.DiscoveryClient    : Getting all instance registry info from the eureka server
2025-08-07T10:51:20.372-03:00  INFO 18183 --- [ms-cards] [restartedMain] com.netflix.discovery.DiscoveryClient    : The response status is 200
2025-08-07T10:51:20.375-03:00  INFO 18183 --- [ms-cards] [restartedMain] com.netflix.discovery.DiscoveryClient    : Starting heartbeat executor: renew interval is: 30
2025-08-07T10:51:20.379-03:00  INFO 18183 --- [ms-cards] [restartedMain] c.n.discovery.InstanceInfoReplicator     : InstanceInfoReplicator onDemand update allowed rate per min is 4
2025-08-07T10:51:20.382-03:00  INFO 18183 --- [ms-cards] [restartedMain] com.netflix.discovery.DiscoveryClient    : Discovery Client initialized at timestamp 1754574680381 with initial instances count: 1
2025-08-07T10:51:20.396-03:00  INFO 18183 --- [ms-cards] [restartedMain] o.s.c.n.e.s.EurekaServiceRegistry        : Registering application MS-CARDS with eureka with status UP
2025-08-07T10:51:20.397-03:00  INFO 18183 --- [ms-cards] [restartedMain] com.netflix.discovery.DiscoveryClient    : Saw local status change event StatusChangeEvent [timestamp=1754574680397, current=UP, previous=STARTING]
2025-08-07T10:51:20.400-03:00  INFO 18183 --- [ms-cards] [DiscoveryClient-InstanceInfoReplicator-%d] com.netflix.discovery.DiscoveryClient    : DiscoveryClient_MS-CARDS/ms-cards:3615b3aeda34effa2a6ad4302c733ea3: registering service...
2025-08-07T10:51:20.557-03:00  INFO 18183 --- [ms-cards] [restartedMain] o.s.a.r.c.CachingConnectionFactory       : Attempting to connect to: [192.168.0.26:5672]
2025-08-07T10:51:20.640-03:00  INFO 18183 --- [ms-cards] [DiscoveryClient-InstanceInfoReplicator-%d] com.netflix.discovery.DiscoveryClient    : DiscoveryClient_MS-CARDS/ms-cards:3615b3aeda34effa2a6ad4302c733ea3 - registration status: 204
2025-08-07T10:51:20.702-03:00  INFO 18183 --- [ms-cards] [restartedMain] o.s.a.r.c.CachingConnectionFactory       : Created new connection: rabbitConnectionFactory#5edb448f:0/SimpleConnection@5341ea [delegate=amqp://root@192.168.0.26:5672/, localPort=42474]
2025-08-07T10:51:20.815-03:00  INFO 18183 --- [ms-cards] [restartedMain] br.com.ivogoncalves.ms_cards.Startup     : Started Startup in 10.742 seconds (process running for 11.717)
2025-08-07T10:51:21.439-03:00  INFO 18183 --- [ms-cards] [RMI TCP Connection(7)-127.0.0.1] o.a.c.c.C.[Tomcat].[localhost].[/]       : Initializing Spring DispatcherServlet 'dispatcherServlet'
2025-08-07T10:51:21.439-03:00  INFO 18183 --- [ms-cards] [RMI TCP Connection(7)-127.0.0.1] o.s.web.servlet.DispatcherServlet        : Initializing Servlet 'dispatcherServlet'
2025-08-07T10:51:21.443-03:00  INFO 18183 --- [ms-cards] [RMI TCP Connection(7)-127.0.0.1] o.s.web.servlet.DispatcherServlet        : Completed initialization in 3 ms
2025-08-07T10:56:19.867-03:00  INFO 18183 --- [ms-cards] [AsyncResolver-bootstrap-executor-%d] c.n.d.s.r.aws.ConfigClusterResolver      : Resolving eureka endpoints via configuration
2025-08-07T11:01:19.868-03:00  INFO 18183 --- [ms-cards] [AsyncResolver-bootstrap-executor-%d] c.n.d.s.r.aws.ConfigClusterResolver      : Resolving eureka endpoints via configuration
2025-08-07T11:06:19.869-03:00  INFO 18183 --- [ms-cards] [AsyncResolver-bootstrap-executor-%d] c.n.d.s.r.aws.ConfigClusterResolver      : Resolving eureka endpoints via configuration
2025-08-07T11:11:19.869-03:00  INFO 18183 --- [ms-cards] [AsyncResolver-bootstrap-executor-%d] c.n.d.s.r.aws.ConfigClusterResolver      : Resolving eureka endpoints via configuration
2025-08-07T11:16:19.870-03:00  INFO 18183 --- [ms-cards] [AsyncResolver-bootstrap-executor-%d] c.n.d.s.r.aws.ConfigClusterResolver      : Resolving eureka endpoints via configuration
2025-08-07T11:21:19.871-03:00  INFO 18183 --- [ms-cards] [AsyncResolver-bootstrap-executor-%d] c.n.d.s.r.aws.ConfigClusterResolver      : Resolving eureka endpoints via configuration
2025-08-07T11:26:19.873-03:00  INFO 18183 --- [ms-cards] [AsyncResolver-bootstrap-executor-%d] c.n.d.s.r.aws.ConfigClusterResolver      : Resolving eureka endpoints via configuration
2025-08-07T11:31:19.874-03:00  INFO 18183 --- [ms-cards] [AsyncResolver-bootstrap-executor-%d] c.n.d.s.r.aws.ConfigClusterResolver      : Resolving eureka endpoints via configuration
2025-08-07T11:36:19.876-03:00  INFO 18183 --- [ms-cards] [AsyncResolver-bootstrap-executor-%d] c.n.d.s.r.aws.ConfigClusterResolver      : Resolving eureka endpoints via configuration
2025-08-07T11:36:37.756-03:00  INFO 18183 --- [ms-cards] [RMI TCP Connection(54)-127.0.0.1] inMXBeanRegistrar$SpringApplicationAdmin : Application shutdown requested.
2025-08-07T11:36:37.766-03:00  INFO 18183 --- [ms-cards] [RMI TCP Connection(54)-127.0.0.1] o.s.c.n.e.s.EurekaServiceRegistry        : Unregistering application MS-CARDS with eureka with status DOWN
2025-08-07T11:36:37.769-03:00  INFO 18183 --- [ms-cards] [RMI TCP Connection(54)-127.0.0.1] com.netflix.discovery.DiscoveryClient    : Saw local status change event StatusChangeEvent [timestamp=1754577397769, current=DOWN, previous=UP]
2025-08-07T11:36:37.776-03:00  INFO 18183 --- [ms-cards] [DiscoveryClient-InstanceInfoReplicator-%d] com.netflix.discovery.DiscoveryClient    : DiscoveryClient_MS-CARDS/ms-cards:3615b3aeda34effa2a6ad4302c733ea3: registering service...
2025-08-07T11:36:37.797-03:00  INFO 18183 --- [ms-cards] [org.springframework.amqp.rabbit.RabbitListenerEndpointContainer#0-2] o.s.a.r.l.SimpleMessageListenerContainer : Waiting for workers to finish.
2025-08-07T11:36:38.005-03:00  INFO 18183 --- [ms-cards] [DiscoveryClient-InstanceInfoReplicator-%d] com.netflix.discovery.DiscoveryClient    : DiscoveryClient_MS-CARDS/ms-cards:3615b3aeda34effa2a6ad4302c733ea3 - registration status: 204
2025-08-07T11:36:38.501-03:00  INFO 18183 --- [ms-cards] [org.springframework.amqp.rabbit.RabbitListenerEndpointContainer#0-2] o.s.a.r.l.SimpleMessageListenerContainer : Successfully waited for workers to finish.
2025-08-07T11:36:38.503-03:00  INFO 18183 --- [ms-cards] [RMI TCP Connection(54)-127.0.0.1] o.s.b.w.e.tomcat.GracefulShutdown        : Commencing graceful shutdown. Waiting for active requests to complete
2025-08-07T11:36:38.513-03:00  INFO 18183 --- [ms-cards] [tomcat-shutdown] o.s.b.w.e.tomcat.GracefulShutdown        : Graceful shutdown complete
2025-08-07T11:36:38.579-03:00  INFO 18183 --- [ms-cards] [RMI TCP Connection(54)-127.0.0.1] j.LocalContainerEntityManagerFactoryBean : Closing JPA EntityManagerFactory for persistence unit 'default'
2025-08-07T11:36:38.612-03:00  WARN 18183 --- [ms-cards] [RMI TCP Connection(54)-127.0.0.1] o.s.b.f.support.DisposableBeanAdapter    : Invocation of destroy method failed on bean with name 'inMemoryDatabaseShutdownExecutor': org.h2.jdbc.JdbcSQLNonTransientConnectionException: Database is already closed (to disable automatic closing at VM shutdown, add ";DB_CLOSE_ON_EXIT=FALSE" to the db URL) [90121-232]
2025-08-07T11:36:38.613-03:00  INFO 18183 --- [ms-cards] [RMI TCP Connection(54)-127.0.0.1] com.zaxxer.hikari.HikariDataSource       : HikariPool-1 - Shutdown initiated...
2025-08-07T11:36:38.625-03:00  INFO 18183 --- [ms-cards] [RMI TCP Connection(54)-127.0.0.1] com.zaxxer.hikari.HikariDataSource       : HikariPool-1 - Shutdown completed.
2025-08-07T11:36:38.627-03:00  INFO 18183 --- [ms-cards] [RMI TCP Connection(54)-127.0.0.1] com.netflix.discovery.DiscoveryClient    : Shutting down DiscoveryClient ...
2025-08-07T11:36:41.629-03:00  INFO 18183 --- [ms-cards] [RMI TCP Connection(54)-127.0.0.1] com.netflix.discovery.DiscoveryClient    : Unregistering ...
2025-08-07T11:36:41.769-03:00  INFO 18183 --- [ms-cards] [RMI TCP Connection(54)-127.0.0.1] com.netflix.discovery.DiscoveryClient    : DiscoveryClient_MS-CARDS/ms-cards:3615b3aeda34effa2a6ad4302c733ea3 - deregister  status: 200
2025-08-07T11:36:41.770-03:00  INFO 18183 --- [ms-cards] [RMI TCP Connection(54)-127.0.0.1] com.netflix.discovery.DiscoveryClient    : Completed shut down of DiscoveryClient
